[20:02:14] [main/INFO] [LaunchWrapper]: Loading tweak class name net.minecraftforge.fml.common.launcher.FMLTweaker
[20:02:14] [main/INFO] [LaunchWrapper]: Using primary tweak class name net.minecraftforge.fml.common.launcher.FMLTweaker
[20:02:14] [main/INFO] [LaunchWrapper]: Calling tweak class net.minecraftforge.fml.common.launcher.FMLTweaker
[20:02:14] [main/DEBUG] [FML]: Injecting tracing printstreams for STDOUT/STDERR.
[20:02:14] [main/INFO] [FML]: Forge Mod Loader version 14.23.5.2768 for Minecraft 1.12.2 loading
[20:02:14] [main/INFO] [FML]: Java is Java HotSpot(TM) 64-Bit Server VM, version 1.8.0_51, running on Windows 10:amd64:10.0, installed at C:\Program Files (x86)\Minecraft\runtime\jre-x64\1.8.0_51
[20:02:14] [main/DEBUG] [FML]: Java classpath at launch is:
[20:02:14] [main/DEBUG] [FML]:     C:\Users\samca\AppData\Roaming\.minecraft\libraries\net\minecraftforge\forge\1.12.2-14.23.5.2768\forge-1.12.2-14.23.5.2768.jar
[20:02:14] [main/DEBUG] [FML]:     C:\Users\samca\AppData\Roaming\.minecraft\libraries\net\minecraft\launchwrapper\1.12\launchwrapper-1.12.jar
[20:02:14] [main/DEBUG] [FML]:     C:\Users\samca\AppData\Roaming\.minecraft\libraries\org\ow2\asm\asm-all\5.2\asm-all-5.2.jar
[20:02:14] [main/DEBUG] [FML]:     C:\Users\samca\AppData\Roaming\.minecraft\libraries\org\jline\jline\3.5.1\jline-3.5.1.jar
[20:02:14] [main/DEBUG] [FML]:     C:\Users\samca\AppData\Roaming\.minecraft\libraries\net\java\dev\jna\jna\4.4.0\jna-4.4.0.jar
[20:02:14] [main/DEBUG] [FML]:     C:\Users\samca\AppData\Roaming\.minecraft\libraries\com\typesafe\akka\akka-actor_2.11\2.3.3\akka-actor_2.11-2.3.3.jar
[20:02:14] [main/DEBUG] [FML]:     C:\Users\samca\AppData\Roaming\.minecraft\libraries\com\typesafe\config\1.2.1\config-1.2.1.jar
[20:02:14] [main/DEBUG] [FML]:     C:\Users\samca\AppData\Roaming\.minecraft\libraries\org\scala-lang\scala-actors-migration_2.11\1.1.0\scala-actors-migration_2.11-1.1.0.jar
[20:02:14] [main/DEBUG] [FML]:     C:\Users\samca\AppData\Roaming\.minecraft\libraries\org\scala-lang\scala-compiler\2.11.1\scala-compiler-2.11.1.jar
[20:02:14] [main/DEBUG] [FML]:     C:\Users\samca\AppData\Roaming\.minecraft\libraries\org\scala-lang\plugins\scala-continuations-library_2.11\1.0.2\scala-continuations-library_2.11-1.0.2.jar
[20:02:14] [main/DEBUG] [FML]:     C:\Users\samca\AppData\Roaming\.minecraft\libraries\org\scala-lang\plugins\scala-continuations-plugin_2.11.1\1.0.2\scala-continuations-plugin_2.11.1-1.0.2.jar
[20:02:14] [main/DEBUG] [FML]:     C:\Users\samca\AppData\Roaming\.minecraft\libraries\org\scala-lang\scala-library\2.11.1\scala-library-2.11.1.jar
[20:02:14] [main/DEBUG] [FML]:     C:\Users\samca\AppData\Roaming\.minecraft\libraries\org\scala-lang\scala-parser-combinators_2.11\1.0.1\scala-parser-combinators_2.11-1.0.1.jar
[20:02:14] [main/DEBUG] [FML]:     C:\Users\samca\AppData\Roaming\.minecraft\libraries\org\scala-lang\scala-reflect\2.11.1\scala-reflect-2.11.1.jar
[20:02:14] [main/DEBUG] [FML]:     C:\Users\samca\AppData\Roaming\.minecraft\libraries\org\scala-lang\scala-swing_2.11\1.0.1\scala-swing_2.11-1.0.1.jar
[20:02:14] [main/DEBUG] [FML]:     C:\Users\samca\AppData\Roaming\.minecraft\libraries\org\scala-lang\scala-xml_2.11\1.0.2\scala-xml_2.11-1.0.2.jar
[20:02:14] [main/DEBUG] [FML]:     C:\Users\samca\AppData\Roaming\.minecraft\libraries\lzma\lzma\0.0.1\lzma-0.0.1.jar
[20:02:14] [main/DEBUG] [FML]:     C:\Users\samca\AppData\Roaming\.minecraft\libraries\net\sf\jopt-simple\jopt-simple\5.0.3\jopt-simple-5.0.3.jar
[20:02:14] [main/DEBUG] [FML]:     C:\Users\samca\AppData\Roaming\.minecraft\libraries\java3d\vecmath\1.5.2\vecmath-1.5.2.jar
[20:02:14] [main/DEBUG] [FML]:     C:\Users\samca\AppData\Roaming\.minecraft\libraries\net\sf\trove4j\trove4j\3.0.3\trove4j-3.0.3.jar
[20:02:14] [main/DEBUG] [FML]:     C:\Users\samca\AppData\Roaming\.minecraft\libraries\org\apache\maven\maven-artifact\3.5.3\maven-artifact-3.5.3.jar
[20:02:14] [main/DEBUG] [FML]:     C:\Users\samca\AppData\Roaming\.minecraft\libraries\com\mojang\patchy\1.1\patchy-1.1.jar
[20:02:14] [main/DEBUG] [FML]:     C:\Users\samca\AppData\Roaming\.minecraft\libraries\oshi-project\oshi-core\1.1\oshi-core-1.1.jar
[20:02:14] [main/DEBUG] [FML]:     C:\Users\samca\AppData\Roaming\.minecraft\libraries\net\java\dev\jna\jna\4.4.0\jna-4.4.0.jar
[20:02:14] [main/DEBUG] [FML]:     C:\Users\samca\AppData\Roaming\.minecraft\libraries\net\java\dev\jna\platform\3.4.0\platform-3.4.0.jar
[20:02:14] [main/DEBUG] [FML]:     C:\Users\samca\AppData\Roaming\.minecraft\libraries\com\ibm\icu\icu4j-core-mojang\51.2\icu4j-core-mojang-51.2.jar
[20:02:14] [main/DEBUG] [FML]:     C:\Users\samca\AppData\Roaming\.minecraft\libraries\net\sf\jopt-simple\jopt-simple\5.0.3\jopt-simple-5.0.3.jar
[20:02:14] [main/DEBUG] [FML]:     C:\Users\samca\AppData\Roaming\.minecraft\libraries\com\paulscode\codecjorbis\20101023\codecjorbis-20101023.jar
[20:02:14] [main/DEBUG] [FML]:     C:\Users\samca\AppData\Roaming\.minecraft\libraries\com\paulscode\codecwav\20101023\codecwav-20101023.jar
[20:02:14] [main/DEBUG] [FML]:     C:\Users\samca\AppData\Roaming\.minecraft\libraries\com\paulscode\libraryjavasound\20101123\libraryjavasound-20101123.jar
[20:02:14] [main/DEBUG] [FML]:     C:\Users\samca\AppData\Roaming\.minecraft\libraries\com\paulscode\librarylwjglopenal\20100824\librarylwjglopenal-20100824.jar
[20:02:14] [main/DEBUG] [FML]:     C:\Users\samca\AppData\Roaming\.minecraft\libraries\com\paulscode\soundsystem\20120107\soundsystem-20120107.jar
[20:02:14] [main/DEBUG] [FML]:     C:\Users\samca\AppData\Roaming\.minecraft\libraries\io\netty\netty-all\4.1.9.Final\netty-all-4.1.9.Final.jar
[20:02:14] [main/DEBUG] [FML]:     C:\Users\samca\AppData\Roaming\.minecraft\libraries\com\google\guava\guava\21.0\guava-21.0.jar
[20:02:14] [main/DEBUG] [FML]:     C:\Users\samca\AppData\Roaming\.minecraft\libraries\org\apache\commons\commons-lang3\3.5\commons-lang3-3.5.jar
[20:02:14] [main/DEBUG] [FML]:     C:\Users\samca\AppData\Roaming\.minecraft\libraries\commons-io\commons-io\2.5\commons-io-2.5.jar
[20:02:14] [main/DEBUG] [FML]:     C:\Users\samca\AppData\Roaming\.minecraft\libraries\commons-codec\commons-codec\1.10\commons-codec-1.10.jar
[20:02:14] [main/DEBUG] [FML]:     C:\Users\samca\AppData\Roaming\.minecraft\libraries\net\java\jinput\jinput\2.0.5\jinput-2.0.5.jar
[20:02:14] [main/DEBUG] [FML]:     C:\Users\samca\AppData\Roaming\.minecraft\libraries\net\java\jutils\jutils\1.0.0\jutils-1.0.0.jar
[20:02:14] [main/DEBUG] [FML]:     C:\Users\samca\AppData\Roaming\.minecraft\libraries\com\google\code\gson\gson\2.8.0\gson-2.8.0.jar
[20:02:14] [main/DEBUG] [FML]:     C:\Users\samca\AppData\Roaming\.minecraft\libraries\com\mojang\authlib\1.5.25\authlib-1.5.25.jar
[20:02:14] [main/DEBUG] [FML]:     C:\Users\samca\AppData\Roaming\.minecraft\libraries\com\mojang\realms\1.10.22\realms-1.10.22.jar
[20:02:14] [main/DEBUG] [FML]:     C:\Users\samca\AppData\Roaming\.minecraft\libraries\org\apache\commons\commons-compress\1.8.1\commons-compress-1.8.1.jar
[20:02:14] [main/DEBUG] [FML]:     C:\Users\samca\AppData\Roaming\.minecraft\libraries\org\apache\httpcomponents\httpclient\4.3.3\httpclient-4.3.3.jar
[20:02:14] [main/DEBUG] [FML]:     C:\Users\samca\AppData\Roaming\.minecraft\libraries\commons-logging\commons-logging\1.1.3\commons-logging-1.1.3.jar
[20:02:14] [main/DEBUG] [FML]:     C:\Users\samca\AppData\Roaming\.minecraft\libraries\org\apache\httpcomponents\httpcore\4.3.2\httpcore-4.3.2.jar
[20:02:14] [main/DEBUG] [FML]:     C:\Users\samca\AppData\Roaming\.minecraft\libraries\it\unimi\dsi\fastutil\7.1.0\fastutil-7.1.0.jar
[20:02:14] [main/DEBUG] [FML]:     C:\Users\samca\AppData\Roaming\.minecraft\libraries\org\apache\logging\log4j\log4j-api\2.8.1\log4j-api-2.8.1.jar
[20:02:14] [main/DEBUG] [FML]:     C:\Users\samca\AppData\Roaming\.minecraft\libraries\org\apache\logging\log4j\log4j-core\2.8.1\log4j-core-2.8.1.jar
[20:02:14] [main/DEBUG] [FML]:     C:\Users\samca\AppData\Roaming\.minecraft\libraries\org\lwjgl\lwjgl\lwjgl\2.9.4-nightly-20150209\lwjgl-2.9.4-nightly-20150209.jar
[20:02:14] [main/DEBUG] [FML]:     C:\Users\samca\AppData\Roaming\.minecraft\libraries\org\lwjgl\lwjgl\lwjgl_util\2.9.4-nightly-20150209\lwjgl_util-2.9.4-nightly-20150209.jar
[20:02:14] [main/DEBUG] [FML]:     C:\Users\samca\AppData\Roaming\.minecraft\libraries\com\mojang\text2speech\1.10.3\text2speech-1.10.3.jar
[20:02:14] [main/DEBUG] [FML]:     C:\Users\samca\AppData\Roaming\.minecraft\versions\1.12.2\1.12.2.jar
[20:02:14] [main/DEBUG] [FML]: Java library path at launch is:
[20:02:14] [main/DEBUG] [FML]:     C:\Users\samca\AppData\Local\Temp\21c7-c8fa-f0d2-d9f3
[20:02:14] [main/DEBUG] [FML]: Determined Minecraft Libraries Root: C:\Users\samca\AppData\Roaming\.minecraft\libraries
[20:02:14] [main/DEBUG] [FML]: Cleaning up mods folder: C:\Users\samca\AppData\Roaming\.minecraft1\mods
[20:02:14] [main/DEBUG] [FML]: Enabling runtime deobfuscation
[20:02:14] [main/DEBUG] [FML]: Instantiating coremod class FMLCorePlugin
[20:02:14] [main/DEBUG] [FML]: Found signing certificates for coremod FMLCorePlugin (net.minecraftforge.fml.relauncher.FMLCorePlugin)
[20:02:14] [main/DEBUG] [FML]: Found certificate e3c3d50c7c986df74c645c0ac54639741c90a557
[20:02:14] [main/DEBUG] [FML]: Added access transformer class net.minecraftforge.fml.common.asm.transformers.AccessTransformer to enqueued access transformers
[20:02:14] [main/DEBUG] [FML]: Enqueued coremod FMLCorePlugin
[20:02:14] [main/DEBUG] [FML]: Instantiating coremod class FMLForgePlugin
[20:02:14] [main/DEBUG] [FML]: Found signing certificates for coremod FMLForgePlugin (net.minecraftforge.classloading.FMLForgePlugin)
[20:02:14] [main/DEBUG] [FML]: Found certificate e3c3d50c7c986df74c645c0ac54639741c90a557
[20:02:14] [main/DEBUG] [FML]: Enqueued coremod FMLForgePlugin
[20:02:14] [main/DEBUG] [FML]: All fundamental core mods are successfully located
[20:02:14] [main/DEBUG] [FML]: Discovering coremods
[20:02:14] [main/INFO] [FML]: Searching C:\Users\samca\AppData\Roaming\.minecraft1\mods for mods
[20:02:14] [main/INFO] [LaunchWrapper]: Loading tweak class name net.minecraftforge.fml.common.launcher.FMLInjectionAndSortingTweaker
[20:02:14] [main/INFO] [LaunchWrapper]: Loading tweak class name net.minecraftforge.fml.common.launcher.FMLDeobfTweaker
[20:02:14] [main/INFO] [LaunchWrapper]: Calling tweak class net.minecraftforge.fml.common.launcher.FMLInjectionAndSortingTweaker
[20:02:14] [main/INFO] [LaunchWrapper]: Calling tweak class net.minecraftforge.fml.common.launcher.FMLInjectionAndSortingTweaker
[20:02:14] [main/INFO] [LaunchWrapper]: Calling tweak class net.minecraftforge.fml.relauncher.CoreModManager$FMLPluginWrapper
[20:02:14] [main/DEBUG] [FML]: Injecting coremod FMLCorePlugin \{net.minecraftforge.fml.relauncher.FMLCorePlugin\} class transformers
[20:02:14] [main/TRACE] [FML]: Registering transformer net.minecraftforge.fml.common.asm.transformers.SideTransformer
[20:02:14] [main/TRACE] [FML]: Registering transformer net.minecraftforge.fml.common.asm.transformers.EventSubscriptionTransformer
[20:02:14] [main/TRACE] [FML]: Registering transformer net.minecraftforge.fml.common.asm.transformers.EventSubscriberTransformer
[20:02:14] [main/TRACE] [FML]: Registering transformer net.minecraftforge.fml.common.asm.transformers.SoundEngineFixTransformer
[20:02:14] [main/DEBUG] [FML]: Injection complete
[20:02:14] [main/DEBUG] [FML]: Running coremod plugin for FMLCorePlugin \{net.minecraftforge.fml.relauncher.FMLCorePlugin\}
[20:02:14] [main/DEBUG] [FML]: Running coremod plugin FMLCorePlugin
[20:02:15] [main/DEBUG] [FML]: Read 1103 binary patches
[20:02:15] [main/DEBUG] [FML]: Loading deobfuscation resource /deobfuscation_data-1.12.2.lzma with 36083 records
[20:02:16] [main/INFO] [FML]: Found valid fingerprint for Minecraft Forge. Certificate fingerprint e3c3d50c7c986df74c645c0ac54639741c90a557
[20:02:16] [main/INFO] [FML]: Found valid fingerprint for Minecraft. Certificate fingerprint cd99959656f753dc28d863b46769f7f8fbaefcfc
[20:02:16] [main/DEBUG] [FML]: Coremod plugin class FMLCorePlugin run successfully
[20:02:16] [main/INFO] [LaunchWrapper]: Calling tweak class net.minecraftforge.fml.relauncher.CoreModManager$FMLPluginWrapper
[20:02:16] [main/DEBUG] [FML]: Injecting coremod FMLForgePlugin \{net.minecraftforge.classloading.FMLForgePlugin\} class transformers
[20:02:16] [main/DEBUG] [FML]: Injection complete
[20:02:16] [main/DEBUG] [FML]: Running coremod plugin for FMLForgePlugin \{net.minecraftforge.classloading.FMLForgePlugin\}
[20:02:16] [main/DEBUG] [FML]: Running coremod plugin FMLForgePlugin
[20:02:16] [main/DEBUG] [FML]: Coremod plugin class FMLForgePlugin run successfully
[20:02:16] [main/INFO] [LaunchWrapper]: Calling tweak class net.minecraftforge.fml.common.launcher.FMLDeobfTweaker
[20:02:16] [main/DEBUG] [FML]: Loaded 213 rules from AccessTransformer config file forge_at.cfg
[20:02:16] [main/DEBUG] [FML]: Validating minecraft
[20:02:16] [main/DEBUG] [FML]: Minecraft validated, launching...
[20:02:16] [main/INFO] [LaunchWrapper]: Loading tweak class name net.minecraftforge.fml.common.launcher.TerminalTweaker
[20:02:16] [main/INFO] [LaunchWrapper]: Calling tweak class net.minecraftforge.fml.common.launcher.TerminalTweaker
[20:02:16] [main/INFO] [LaunchWrapper]: Launching wrapped minecraft {net.minecraft.client.main.Main}
[20:02:17] [main/INFO] [net.minecraft.client.Minecraft]: Setting user: 24minecraftsam
[20:02:20] [main/DEBUG] [FML]: Creating vanilla freeze snapshot
[20:02:20] [main/DEBUG] [FML]: Vanilla freeze snapshot created
[20:02:20] [main/INFO] [net.minecraft.client.Minecraft]: LWJGL Version: 2.9.4
[20:02:21] [main/DEBUG] [FML]: Bar Finished: Loading Resource - LanguageManager took 0.002s
[20:02:21] [main/INFO] [FML]: -- System Details --
Details:
	Minecraft Version: 1.12.2
	Operating System: Windows 10 (amd64) version 10.0
	Java Version: 1.8.0_51, Oracle Corporation
	Java VM Version: Java HotSpot(TM) 64-Bit Server VM (mixed mode), Oracle Corporation
	Memory: 793622608 bytes (756 MB) / 939524096 bytes (896 MB) up to 7516192768 bytes (7168 MB)
	JVM Flags: 8 total; -XX:HeapDumpPath=MojangTricksIntelDriversForPerformance_javaw.exe_minecraft.exe.heapdump -Xmx7G -XX:+UnlockExperimentalVMOptions -XX:+UseG1GC -XX:G1NewSizePercent=20 -XX:G1ReservePercent=20 -XX:MaxGCPauseMillis=50 -XX:G1HeapRegionSize=32M
	IntCache: cache: 0, tcache: 0, allocated: 0, tallocated: 0
	FML: 
	Loaded coremods (and transformers): 
	GL info: ' Vendor: 'NVIDIA Corporation' Version: '4.6.0 NVIDIA 417.71' Renderer: 'GeForce GTX 1050 Ti/PCIe/SSE2'
[20:02:21] [main/INFO] [FML]: MinecraftForge v14.23.5.2768 Initialized
[20:02:21] [main/INFO] [FML]: Starts to replace vanilla recipe ingredients with ore ingredients.
